SF:lib\app\modules\dashboard\controller.dart
DA:7,1
DA:8,2
DA:9,2
DA:10,3
DA:11,5
LF:5
LH:5
end_of_record
SF:lib\app\modules\home\controller.dart
DA:10,1
DA:12,0
DA:14,0
DA:15,0
DA:16,0
DA:17,0
DA:19,0
DA:22,1
DA:23,3
DA:24,2
DA:25,5
LF:11
LH:5
end_of_record
SF:lib\app\data\models\store.dart
DA:7,0
DA:14,0
DA:15,0
DA:16,0
DA:17,0
DA:18,0
LF:6
LH:0
end_of_record
SF:lib\app\modules\home\repository.dart
DA:7,0
DA:9,0
LF:2
LH:0
end_of_record
SF:lib\app\data\providers\api.dart
DA:7,0
DA:9,0
DA:10,0
DA:11,0
DA:12,0
DA:13,0
DA:18,0
DA:21,0
DA:22,0
DA:23,0
DA:25,0
DA:27,0
DA:28,0
DA:34,0
DA:35,0
DA:36,0
DA:37,0
DA:38,0
DA:39,0
DA:40,0
DA:41,0
LF:21
LH:0
end_of_record
SF:lib\app\modules\home\page.dart
DA:6,1
DA:8,0
DA:10,0
DA:12,0
DA:13,0
DA:14,0
DA:15,0
DA:16,0
DA:17,0
DA:18,0
DA:26,0
DA:27,0
DA:28,0
DA:30,0
LF:14
LH:1
end_of_record
SF:lib\app\routes\pages.dart
DA:7,0
DA:8,0
DA:10,0
DA:11,0
LF:4
LH:0
end_of_record
SF:lib\main.dart
DA:10,0
DA:11,0
DA:14,0
DA:15,0
DA:18,0
DA:19,0
DA:22,0
DA:25,0
DA:26,0
LF:9
LH:0
end_of_record
SF:lib\app\core\theme\app_theme.dart
DA:3,0
DA:5,0
DA:6,0
LF:3
LH:0
end_of_record
SF:lib\app\modules\dashboard\binding.dart
DA:8,0
DA:10,0
DA:11,0
LF:3
LH:0
end_of_record
SF:lib\app\modules\dashboard\page.dart
DA:7,1
DA:9,0
DA:11,0
DA:13,0
DA:14,0
DA:15,0
DA:16,0
DA:38,0
DA:39,0
LF:9
LH:1
end_of_record
