SF:lib\app\data\models\store.dart
DA:7,1
DA:14,2
DA:15,1
DA:16,1
DA:17,1
DA:18,1
LF:6
LH:6
end_of_record
SF:lib\app\data\providers\api.dart
DA:8,1
DA:9,0
DA:10,0
DA:12,0
DA:21,1
DA:23,2
DA:24,2
DA:26,4
DA:27,4
DA:28,5
DA:30,0
DA:31,0
DA:32,0
DA:35,0
DA:36,0
DA:38,0
DA:43,0
DA:45,0
DA:46,0
DA:47,0
DA:49,0
DA:51,0
DA:53,0
LF:23
LH:7
end_of_record
SF:lib\app\modules\dashboard\controller.dart
DA:7,1
DA:8,2
DA:9,2
DA:10,3
DA:11,5
LF:5
LH:5
end_of_record
SF:lib\app\modules\home\controller.dart
DA:10,1
DA:12,0
DA:15,0
DA:17,0
DA:18,0
DA:19,0
DA:21,0
DA:23,0
DA:24,0
DA:26,0
DA:29,1
DA:30,3
DA:31,2
DA:32,5
LF:14
LH:5
end_of_record
